     1 00000000                                 ; haribote-ipl
     2 00000000                                 ; TAB=2
     3 00000000                                 
     4                                              ORG   0x7c00
     5 00007C00                                 
     6 00007C00 EB 4E                               JMP   entry
     7 00007C02 90                                  DB    0x90
     8 00007C03 48 41 52 49 42 4F 54 45             DB    "HARIBOTE"
     9 00007C0B 0200                                DW    512
    10 00007C0D 01                                  DB    1
    11 00007C0E 0001                                DW    1
    12 00007C10 02                                  DB    2
    13 00007C11 00E0                                DW    224
    14 00007C13 0B40                                DW    2880
    15 00007C15 F0                                  DB    0xf0
    16 00007C16 0009                                DW    9
    17 00007C18 0012                                DW    18
    18 00007C1A 0002                                DW    2
    19 00007C1C 00000000                            DD    0
    20 00007C20 00000B40                            DD    2880
    21 00007C24 00 00 29                            DB    0,0,0x29
    22 00007C27 FFFFFFFF                            DD    0xffffffff
    23 00007C2B 48 41 52 49 42 4F 54 45 4F 53       DB    "HARIBOTEOS "
       00007C35 20 
    24 00007C36 46 41 54 31 32 20 20 20             DB    "FAT12   "
    25 00007C3E 00 00 00 00 00 00 00 00 00 00       RESB  18
       00007C48 00 00 00 00 00 00 00 00 
    26 00007C50                                 
    27 00007C50                                 ;
    28 00007C50                                 
    29 00007C50                                 entry:
    30 00007C50 B8 0000                             MOV   AX,0
    31 00007C53 8E D0                               MOV   SS,AX
    32 00007C55 BC 7C00                             MOV   SP,0x7c00
    33 00007C58 8E D8                               MOV   DS,AX
    34 00007C5A                                 
    35 00007C5A                                 ;
    36 00007C5A                                 
    37 00007C5A B8 0820                             MOV   AX,0x0820
    38 00007C5D 8E C0                               MOV   ES,AX
    39 00007C5F B5 00                               MOV   CH,0
    40 00007C61 B6 00                               MOV   DH,0
    41 00007C63 B1 02                               MOV   CL,2
    42 00007C65                                 
    43 00007C65 BE 0000                             MOV   SI,0
    44 00007C68                                 retry:
    45 00007C68 B4 02                               MOV   AH,0x02
    46 00007C6A B0 01                               MOV   AL,1
    47 00007C6C BB 0000                             MOV   BX,0
    48 00007C6F B2 00                               MOV   DL,0x00
    49 00007C71 CD 13                               INT   0x13
    50 00007C73 73 10                               JNC   fin
    51 00007C75 83 C6 01                            ADD   SI,1
    52 00007C78 83 FE 05                            CMP   SI,5
    53 00007C7B 73 0B                               JAE   error
    54 00007C7D B4 00                               MOV   AH,0x00
    55 00007C7F B2 00                               MOV   DL,0x00
    56 00007C81 CD 13                               INT   0x13
    57 00007C83 EB E3                               JMP   retry
    58 00007C85                                 
    59 00007C85                                 ;
    60 00007C85                                 
    61 00007C85                                 fin:
    62 00007C85 F4                                  HLT
    63 00007C86 EB FD                               JMP   fin
    64 00007C88                                 
    65 00007C88                                 error:
    66 00007C88 BE 7C9B                             MOV   SI,msg
    67 00007C8B                                 putloop:
    68 00007C8B 8A 04                               MOV   AL,[SI]
    69 00007C8D 83 C6 01                            ADD   SI,1
    70 00007C90 3C 00                               CMP   AL,0
    71 00007C92 74 F1                               JE    fin
    72 00007C94 B4 0E                               MOV   AH,0x0e
    73 00007C96 BB 000F                             MOV   BX,15
    74 00007C99                                     INT   0c10
      >> [ERROR #002] parameter error.
    75 00007C99 EB F0                               JMP   putloop
    76 00007C9B                                 msg:
    77 00007C9B 0A 0A                               DB    0x0a, 0x0a
    78 00007C9D 6C 6F 61 64 20 65 72 72 6F 72       DB    "load error"
    79 00007CA7 0A                                  DB    0x0a
    80 00007CA8 00                                  DB    0
    81 00007CA9                                 
    82 00007CA9 00 00 00 00 00 00 00 00 00 00       RESB  0x7dfe-$
       00007CB3 00 00 00 00 00 00 00 00 00 00 
       00007CBD 00 00 00 00 00 00 00 00 00 00 
       00007CC7 00 00 00 00 00 00 00 00 00 00 
       00007CD1 00 00 00 00 00 00 00 00 00 00 
       00007CDB 00 00 00 00 00 00 00 00 00 00 
       00007CE5 00 00 00 00 00 00 00 00 00 00 
       00007CEF 00 00 00 00 00 00 00 00 00 00 
       00007CF9 00 00 00 00 00 00 00 00 00 00 
       00007D03 00 00 00 00 00 00 00 00 00 00 
       00007D0D 00 00 00 00 00 00 00 00 00 00 
       00007D17 00 00 00 00 00 00 00 00 00 00 
       00007D21 00 00 00 00 00 00 00 00 00 00 
       00007D2B 00 00 00 00 00 00 00 00 00 00 
       00007D35 00 00 00 00 00 00 00 00 00 00 
       00007D3F 00 00 00 00 00 00 00 00 00 00 
       00007D49 00 00 00 00 00 00 00 00 00 00 
       00007D53 00 00 00 00 00 00 00 00 00 00 
       00007D5D 00 00 00 00 00 00 00 00 00 00 
       00007D67 00 00 00 00 00 00 00 00 00 00 
       00007D71 00 00 00 00 00 00 00 00 00 00 
       00007D7B 00 00 00 00 00 00 00 00 00 00 
       00007D85 00 00 00 00 00 00 00 00 00 00 
       00007D8F 00 00 00 00 00 00 00 00 00 00 
       00007D99 00 00 00 00 00 00 00 00 00 00 
       00007DA3 00 00 00 00 00 00 00 00 00 00 
       00007DAD 00 00 00 00 00 00 00 00 00 00 
       00007DB7 00 00 00 00 00 00 00 00 00 00 
       00007DC1 00 00 00 00 00 00 00 00 00 00 
       00007DCB 00 00 00 00 00 00 00 00 00 00 
       00007DD5 00 00 00 00 00 00 00 00 00 00 
       00007DDF 00 00 00 00 00 00 00 00 00 00 
       00007DE9 00 00 00 00 00 00 00 00 00 00 
       00007DF3 00 00 00 00 00 00 00 00 00 00 
       00007DFD 00 
    83 00007DFE                                 
    84 00007DFE 55 AA                               DB    0x55, 0xaa
